Performing C SOURCE FILE Test CMAKE_HAVE_LIBC_PTHREAD failed with the following output:
Change Dir: /home/xsqian/file/project/minimpsi/build/CMakeFiles/CMakeTmp

Run Build Command(s):/usr/bin/make -f Makefile cmTC_abfc6/fast && /usr/bin/make  -f CMakeFiles/cmTC_abfc6.dir/build.make CMakeFiles/cmTC_abfc6.dir/build
make[1]: 进入目录“/home/xsqian/file/project/minimpsi/build/CMakeFiles/CMakeTmp”
Building C object CMakeFiles/cmTC_abfc6.dir/src.c.o
/usr/bin/cc -DCMAKE_HAVE_LIBC_PTHREAD  -Wall -Wfatal-errors -march=native  -o CMakeFiles/cmTC_abfc6.dir/src.c.o -c /home/xsqian/file/project/minimpsi/build/CMakeFiles/CMakeTmp/src.c
Linking C executable cmTC_abfc6
/usr/local/bin/cmake -E cmake_link_script CMakeFiles/cmTC_abfc6.dir/link.txt --verbose=1
/usr/bin/cc  -Wall -Wfatal-errors -march=native  CMakeFiles/cmTC_abfc6.dir/src.c.o -o cmTC_abfc6 
/usr/bin/ld: CMakeFiles/cmTC_abfc6.dir/src.c.o: in function `main':
src.c:(.text+0x46): undefined reference to `pthread_create'
/usr/bin/ld: src.c:(.text+0x52): undefined reference to `pthread_detach'
/usr/bin/ld: src.c:(.text+0x5e): undefined reference to `pthread_cancel'
/usr/bin/ld: src.c:(.text+0x6f): undefined reference to `pthread_join'
collect2: error: ld returned 1 exit status
make[1]: *** [CMakeFiles/cmTC_abfc6.dir/build.make:99：cmTC_abfc6] 错误 1
make[1]: 离开目录“/home/xsqian/file/project/minimpsi/build/CMakeFiles/CMakeTmp”
make: *** [Makefile:127：cmTC_abfc6/fast] 错误 2


Source file was:
#include <pthread.h>

static void* test_func(void* data)
{
  return data;
}

int main(void)
{
  pthread_t thread;
  pthread_create(&thread, NULL, test_func, NULL);
  pthread_detach(thread);
  pthread_cancel(thread);
  pthread_join(thread, NULL);
  pthread_atfork(NULL, NULL, NULL);
  pthread_exit(NULL);

  return 0;
}

Determining if the function pthread_create exists in the pthreads failed with the following output:
Change Dir: /home/xsqian/file/project/minimpsi/build/CMakeFiles/CMakeTmp

Run Build Command(s):/usr/bin/make -f Makefile cmTC_aa44f/fast && /usr/bin/make  -f CMakeFiles/cmTC_aa44f.dir/build.make CMakeFiles/cmTC_aa44f.dir/build
make[1]: 进入目录“/home/xsqian/file/project/minimpsi/build/CMakeFiles/CMakeTmp”
Building C object CMakeFiles/cmTC_aa44f.dir/CheckFunctionExists.c.o
/usr/bin/cc   -Wall -Wfatal-errors -march=native -DCHECK_FUNCTION_EXISTS=pthread_create -o CMakeFiles/cmTC_aa44f.dir/CheckFunctionExists.c.o -c /usr/local/share/cmake-3.20/Modules/CheckFunctionExists.c
Linking C executable cmTC_aa44f
/usr/local/bin/cmake -E cmake_link_script CMakeFiles/cmTC_aa44f.dir/link.txt --verbose=1
/usr/bin/cc  -Wall -Wfatal-errors -march=native -DCHECK_FUNCTION_EXISTS=pthread_create CMakeFiles/cmTC_aa44f.dir/CheckFunctionExists.c.o -o cmTC_aa44f  -lpthreads 
/usr/bin/ld: 找不到 -lpthreads
collect2: error: ld returned 1 exit status
make[1]: *** [CMakeFiles/cmTC_aa44f.dir/build.make:99：cmTC_aa44f] 错误 1
make[1]: 离开目录“/home/xsqian/file/project/minimpsi/build/CMakeFiles/CMakeTmp”
make: *** [Makefile:127：cmTC_aa44f/fast] 错误 2



